TN:
SF:/home/drhades/AA_archivos/AA_programacion/node/express-orm-generator/src/lib/input/input_manager.js
FN:6,(anonymous_0)
FNF:1
FNH:1
FNDA:4,(anonymous_0)
DA:1,1
DA:2,1
DA:3,1
DA:4,1
DA:5,1
DA:7,4
DA:8,3
DA:9,1
DA:10,1
LF:9
LH:9
BRF:0
BRH:0
end_of_record
TN:
SF:/home/drhades/AA_archivos/AA_programacion/node/express-orm-generator/src/lib/input/exceptions/invalid_argument.js
FN:2,(anonymous_0)
FNF:1
FNH:0
FNDA:0,(anonymous_0)
DA:1,1
DA:3,0
DA:4,0
DA:5,0
LF:4
LH:1
BRF:0
BRH:0
end_of_record
TN:
SF:/home/drhades/AA_archivos/AA_programacion/node/express-orm-generator/src/lib/input/exceptions/missing_argument.js
FN:2,(anonymous_0)
FNF:1
FNH:1
FNDA:1,(anonymous_0)
DA:1,1
DA:3,1
DA:4,1
DA:5,1
LF:4
LH:4
BRF:0
BRH:0
end_of_record
TN:
SF:/home/drhades/AA_archivos/AA_programacion/node/express-orm-generator/src/lib/input/folder_argument/folder_validator.js
FN:7,(anonymous_0)
FN:15,(anonymous_1)
FN:19,(anonymous_2)
FN:23,(anonymous_3)
FNF:4
FNH:4
FNDA:3,(anonymous_0)
FNDA:3,(anonymous_1)
FNDA:2,(anonymous_2)
FNDA:2,(anonymous_3)
DA:1,1
DA:2,1
DA:3,1
DA:4,1
DA:5,1
DA:6,1
DA:8,3
DA:10,3
DA:11,2
DA:12,2
DA:16,3
DA:20,2
DA:24,2
DA:25,2
DA:27,1
LF:15
LH:15
BRDA:16,0,0,0
BRDA:16,0,1,2
BRDA:20,1,0,0
BRDA:20,1,1,2
BRF:4
BRH:2
end_of_record
TN:
SF:/home/drhades/AA_archivos/AA_programacion/node/express-orm-generator/src/lib/input/name_argument/name_validator.js
FN:5,(anonymous_0)
FN:11,(anonymous_1)
FN:18,(anonymous_2)
FNF:3
FNH:3
FNDA:4,(anonymous_0)
FNDA:4,(anonymous_1)
FNDA:3,(anonymous_2)
DA:1,1
DA:2,1
DA:3,1
DA:4,1
DA:6,4
DA:7,4
DA:8,3
DA:15,4
DA:22,3
LF:9
LH:9
BRDA:15,0,0,0
BRDA:15,0,1,3
BRDA:22,1,0,0
BRDA:22,1,1,3
BRF:4
BRH:2
end_of_record
TN:
SF:/home/drhades/AA_archivos/AA_programacion/node/express-orm-generator/src/lib/input/orm_argument/orm_validator.js
FN:2,(anonymous_0)
FNF:1
FNH:1
FNDA:1,(anonymous_0)
DA:1,1
LF:1
LH:1
BRF:0
BRH:0
end_of_record
TN:
SF:/home/drhades/AA_archivos/AA_programacion/node/express-orm-generator/src/lib/input/type_argument/type_validator.js
FN:5,(anonymous_0)
FN:12,(anonymous_1)
FN:19,(anonymous_2)
FN:26,(anonymous_3)
FNF:4
FNH:4
FNDA:1,(anonymous_0)
FNDA:1,(anonymous_1)
FNDA:1,(anonymous_2)
FNDA:1,(anonymous_3)
DA:1,1
DA:2,1
DA:3,1
DA:4,1
DA:6,1
DA:7,1
DA:8,1
DA:9,1
DA:16,1
DA:23,1
DA:31,1
DA:32,0
DA:34,0
LF:13
LH:11
BRDA:16,0,0,0
BRDA:16,0,1,1
BRDA:23,1,0,0
BRDA:23,1,1,1
BRDA:31,2,0,1
BRDA:31,2,1,0
BRDA:32,3,0,0
BRDA:32,3,1,0
BRF:8
BRH:3
end_of_record
