TN:
SF:src/lib/express_structure/express_structure-manager.js
FN:4,(anonymous_0)
FN:13,(anonymous_1)
FN:21,(anonymous_2)
FN:28,(anonymous_3)
FN:33,(anonymous_4)
FN:42,(anonymous_5)
FN:47,(anonymous_6)
FNF:7
FNH:7
FNDA:2,(anonymous_0)
FNDA:2,(anonymous_1)
FNDA:1,(anonymous_2)
FNDA:1,(anonymous_3)
FNDA:1,(anonymous_4)
FNDA:1,(anonymous_5)
FNDA:2,(anonymous_6)
DA:1,1
DA:2,1
DA:5,2
DA:6,2
DA:7,2
DA:8,2
DA:9,2
DA:10,2
DA:17,2
DA:25,1
DA:26,1
DA:27,1
DA:28,1
DA:29,1
DA:37,1
DA:38,1
DA:39,1
DA:40,1
DA:41,1
DA:42,1
DA:43,1
DA:51,2
DA:52,1
DA:53,1
DA:56,1
DA:57,1
DA:58,1
LF:27
LH:27
BRDA:51,0,0,1
BRDA:51,0,1,1
BRDA:56,1,0,1
BRDA:56,1,1,0
BRF:4
BRH:3
end_of_record
TN:
SF:src/lib/input/input_manager.js
FN:7,(anonymous_0)
FN:15,(anonymous_1)
FNF:2
FNH:1
FNDA:4,(anonymous_0)
FNDA:0,(anonymous_1)
DA:1,1
DA:2,1
DA:3,1
DA:4,1
DA:5,1
DA:6,1
DA:8,4
DA:9,1
DA:10,1
DA:11,1
DA:12,1
DA:16,0
LF:12
LH:11
BRF:0
BRH:0
end_of_record
TN:
SF:src/lib/input/terminal-arguments_validator.js
FN:3,(anonymous_0)
FNF:1
FNH:1
FNDA:4,(anonymous_0)
DA:1,1
DA:2,1
DA:4,4
DA:5,3
DA:6,2
DA:7,1
LF:6
LH:6
BRDA:4,0,0,1
BRDA:4,0,1,3
BRDA:5,1,0,1
BRDA:5,1,1,2
BRDA:6,2,0,1
BRDA:6,2,1,1
BRDA:7,3,0,0
BRDA:7,3,1,1
BRF:8
BRH:7
end_of_record
TN:
SF:src/lib/input/exceptions/invalid_argument.js
FN:2,(anonymous_0)
FNF:1
FNH:1
FNDA:10,(anonymous_0)
DA:1,1
DA:3,10
DA:4,10
DA:5,10
LF:4
LH:4
BRF:0
BRH:0
end_of_record
TN:
SF:src/lib/input/exceptions/missing_argument.js
FN:2,(anonymous_0)
FNF:1
FNH:1
FNDA:12,(anonymous_0)
DA:1,1
DA:3,12
DA:4,12
DA:5,12
LF:4
LH:4
BRF:0
BRH:0
end_of_record
TN:
SF:src/lib/input/folder_argument/folder_validator.js
FN:7,(anonymous_0)
FN:14,(anonymous_1)
FN:18,(anonymous_2)
FN:22,(anonymous_3)
FNF:4
FNH:4
FNDA:1,(anonymous_0)
FNDA:1,(anonymous_1)
FNDA:1,(anonymous_2)
FNDA:1,(anonymous_3)
DA:1,1
DA:2,1
DA:3,1
DA:4,1
DA:5,1
DA:6,1
DA:8,1
DA:9,1
DA:10,1
DA:11,1
DA:15,1
DA:19,1
DA:23,1
DA:24,1
DA:26,0
LF:15
LH:14
BRDA:15,0,0,0
BRDA:15,0,1,1
BRDA:19,1,0,0
BRDA:19,1,1,1
BRF:4
BRH:2
end_of_record
TN:
SF:src/lib/input/name_argument/name_validator.js
FN:5,(anonymous_0)
FN:13,(anonymous_1)
FN:20,(anonymous_2)
FN:27,(anonymous_3)
FN:34,(anonymous_4)
FNF:5
FNH:5
FNDA:7,(anonymous_0)
FNDA:7,(anonymous_1)
FNDA:6,(anonymous_2)
FNDA:5,(anonymous_3)
FNDA:4,(anonymous_4)
DA:1,1
DA:2,1
DA:3,1
DA:4,1
DA:6,7
DA:7,7
DA:8,6
DA:9,5
DA:10,4
DA:17,7
DA:24,6
DA:31,5
DA:38,4
LF:13
LH:13
BRDA:17,0,0,1
BRDA:17,0,1,6
BRDA:24,1,0,1
BRDA:24,1,1,5
BRDA:31,2,0,1
BRDA:31,2,1,4
BRDA:38,3,0,1
BRDA:38,3,1,3
BRF:8
BRH:8
end_of_record
TN:
SF:src/lib/input/orm_argument/orm_validator.js
FN:5,(anonymous_0)
FN:13,(anonymous_1)
FN:17,(anonymous_2)
FNF:3
FNH:3
FNDA:5,(anonymous_0)
FNDA:5,(anonymous_1)
FNDA:4,(anonymous_2)
DA:1,1
DA:2,1
DA:3,1
DA:4,1
DA:6,5
DA:8,5
DA:9,4
DA:14,5
DA:21,4
DA:22,2
DA:25,1
LF:11
LH:11
BRDA:14,0,0,1
BRDA:14,0,1,4
BRDA:21,1,0,2
BRDA:21,1,1,2
BRDA:22,2,0,1
BRDA:22,2,1,1
BRF:6
BRH:6
end_of_record
TN:
SF:src/lib/input/type_argument/type_validator.js
FN:5,(anonymous_0)
FN:11,(anonymous_1)
FN:18,(anonymous_2)
FNF:3
FNH:3
FNDA:5,(anonymous_0)
FNDA:5,(anonymous_1)
FNDA:4,(anonymous_2)
DA:1,1
DA:2,1
DA:3,1
DA:4,1
DA:6,5
DA:7,5
DA:8,4
DA:15,5
DA:23,4
DA:24,2
DA:26,1
LF:11
LH:11
BRDA:15,0,0,1
BRDA:15,0,1,4
BRDA:23,1,0,2
BRDA:23,1,1,2
BRDA:24,2,0,1
BRDA:24,2,1,1
BRF:6
BRH:6
end_of_record
TN:
SF:src/test/utils/remove_project_folder.js
FN:2,RemoveProjectFolder
FNF:1
FNH:1
FNDA:2,RemoveProjectFolder
DA:1,1
DA:2,1
DA:4,2
DA:5,2
LF:4
LH:4
BRDA:4,0,0,2
BRDA:4,0,1,0
BRF:2
BRH:1
end_of_record
